<?xml version="1.0" encoding="UTF-8"?>
<!-- Generated by org.testng.reporters.JUnitXMLReporter -->
<testsuite hostname="qc" ignored="0" name="Command line test" tests="4" failures="0" timestamp="04 Aug 2018 10:57:15 GMT" time="30.456" errors="0">
  <testcase name="@BeforeTest setUp" time="7.745" classname="com.hms.qa.tests.BookingPageTest">
    <failure type="org.openqa.selenium.WebDriverException" message="Failed to decode response from marionette
Build info: version: &amp;apos;3.13.0&amp;apos;, revision: &amp;apos;2f0d292&amp;apos;, time: &amp;apos;2018-06-25T15:24:21.231Z&amp;apos;
System info: host: &amp;apos;qc&amp;apos;, ip: &amp;apos;127.0.1.1&amp;apos;, os.name: &amp;apos;Linux&amp;apos;, os.arch: &amp;apos;amd64&amp;apos;, os.version: &amp;apos;4.15.0-29-generic&amp;apos;, java.version: &amp;apos;1.8.0_171&amp;apos;
Driver info: org.openqa.selenium.firefox.FirefoxDriver
Capabilities {acceptInsecureCerts: true, browserName: firefox, browserVersion: 61.0.1, javascriptEnabled: true, moz:accessibilityChecks: false, moz:headless: false, moz:processID: 12144, moz:profile: /tmp/rust_mozprofile.NF6E0c..., moz:useNonSpecCompliantPointerOrigin: false, moz:webdriverClick: true, pageLoadStrategy: normal, platform: LINUX, platformName: LINUX, platformVersion: 4.15.0-29-generic, rotatable: false, timeouts: {implicit: 0, pageLoad: 300000, script: 30000}}
Session ID: 37400b23-4fb6-4595-b4c6-a8d2848f851e">
      <![CDATA[org.openqa.selenium.WebDriverException: Failed to decode response from marionette
Build info: version: '3.13.0', revision: '2f0d292', time: '2018-06-25T15:24:21.231Z'
System info: host: 'qc', ip: '127.0.1.1', os.name: 'Linux', os.arch: 'amd64', os.version: '4.15.0-29-generic', java.version: '1.8.0_171'
Driver info: org.openqa.selenium.firefox.FirefoxDriver
Capabilities {acceptInsecureCerts: true, browserName: firefox, browserVersion: 61.0.1, javascriptEnabled: true, moz:accessibilityChecks: false, moz:headless: false, moz:processID: 12144, moz:profile: /tmp/rust_mozprofile.NF6E0c..., moz:useNonSpecCompliantPointerOrigin: false, moz:webdriverClick: true, pageLoadStrategy: normal, platform: LINUX, platformName: LINUX, platformVersion: 4.15.0-29-generic, rotatable: false, timeouts: {implicit: 0, pageLoad: 300000, script: 30000}}
Session ID: 37400b23-4fb6-4595-b4c6-a8d2848f851e
at org.openqa.selenium.remote.http.W3CHttpResponseCodec.createException(W3CHttpResponseCodec.java:187)
at org.openqa.selenium.remote.http.W3CHttpResponseCodec.decode(W3CHttpResponseCodec.java:122)
at org.openqa.selenium.remote.http.W3CHttpResponseCodec.decode(W3CHttpResponseCodec.java:49)
at org.openqa.selenium.remote.HttpCommandExecutor.execute(HttpCommandExecutor.java:158)
at org.openqa.selenium.remote.service.DriverCommandExecutor.execute(DriverCommandExecutor.java:83)
at org.openqa.selenium.remote.RemoteWebDriver.execute(RemoteWebDriver.java:548)
at org.openqa.selenium.remote.RemoteWebDriver.execute(RemoteWebDriver.java:605)
at org.openqa.selenium.remote.RemoteWebDriver$RemoteWebDriverOptions$RemoteWindow.maximize(RemoteWebDriver.java:833)
at org.openqa.selenium.support.events.EventFiringWebDriver$EventFiringWindow.maximize(EventFiringWebDriver.java:768)
at com.hms.qa.base.TestBase.initialization(TestBase.java:63)
at com.hms.qa.tests.BookingPageTest.setUp(BookingPageTest.java:30)
... Removed 38 stack frames]]>
    </failure>
  </testcase> <!-- @BeforeTest setUp -->
  <testcase name="@BeforeMethod setUp" time="0.0" classname="com.hms.qa.tests.SignUpPageTest">
    <skipped/>
  </testcase> <!-- @BeforeMethod setUp -->
  <testcase name="@AfterMethod tearDown" time="0.0" classname="com.hms.qa.tests.SignUpPageTest">
    <skipped/>
  </testcase> <!-- @AfterMethod tearDown -->
  <testcase name="@BeforeMethod setUp" time="0.0" classname="com.hms.qa.tests.LoginDataDrivenTest">
    <skipped/>
  </testcase> <!-- @BeforeMethod setUp -->
  <testcase name="@AfterMethod tearDown" time="0.0" classname="com.hms.qa.tests.LoginDataDrivenTest">
    <skipped/>
  </testcase> <!-- @AfterMethod tearDown -->
  <testcase name="@AfterTest tearDown" time="0.0" classname="com.hms.qa.tests.AddUserPageTest">
    <skipped/>
  </testcase> <!-- @AfterTest tearDown -->
  <testcase name="@AfterTest tearDown" time="0.0" classname="com.hms.qa.tests.BookingPageTest">
    <skipped/>
  </testcase> <!-- @AfterTest tearDown -->
  <testcase name="signUnTest" time="0.0" classname="com.hms.qa.tests.SignUpPageTest">
    <skipped/>
  </testcase> <!-- signUnTest -->
  <testcase name="bookHostelRoomTest" time="0.0" classname="com.hms.qa.tests.BookingPageTest">
    <skipped/>
  </testcase> <!-- bookHostelRoomTest -->
  <testcase name="custDetailsTest" time="0.0" classname="com.hms.qa.tests.BookingPageTest">
    <skipped/>
  </testcase> <!-- custDetailsTest -->
  <testcase name="testData" time="0.0" classname="com.hms.qa.tests.LoginDataDrivenTest">
    <skipped/>
  </testcase> <!-- testData -->
</testsuite> <!-- Command line test -->
