<?xml version="1.0" encoding="UTF-8"?>
<testng-results skipped="0" failed="0" ignored="0" total="1" passed="1">
  <reporter-output>
  </reporter-output>
  <suite name="Default suite" duration-ms="16035" started-at="2018-07-10T12:43:14Z" finished-at="2018-07-10T12:43:30Z">
    <groups>
    </groups>
    <test name="Default test" duration-ms="16035" started-at="2018-07-10T12:43:14Z" finished-at="2018-07-10T12:43:30Z">
      <class name="com.hms.qa.tests.SignUpTest">
        <test-method status="PASS" signature="setUp()[pri:0, instance:com.hms.qa.tests.SignUpTest@52bf72b5]" name="setUp" is-config="true" duration-ms="12947" started-at="2018-07-10T12:43:14Z" finished-at="2018-07-10T12:43:27Z">
          <reporter-output>
          </reporter-output>
        </test-method> <!-- setUp -->
        <test-method status="PASS" signature="clickSignInTest()[pri:0, instance:com.hms.qa.tests.SignUpTest@52bf72b5]" name="clickSignInTest" duration-ms="2892" started-at="2018-07-10T12:43:27Z" finished-at="2018-07-10T12:43:30Z">
          <reporter-output>
          </reporter-output>
        </test-method> <!-- clickSignInTest -->
      </class> <!-- com.hms.qa.tests.SignUpTest -->
    </test> <!-- Default test -->
  </suite> <!-- Default suite -->
</testng-results>
