<?xml version="1.0" encoding="UTF-8"?>
<testng-results skipped="0" failed="0" ignored="0" total="3" passed="3">
  <reporter-output>
  </reporter-output>
  <suite name="Default suite" duration-ms="82030" started-at="2018-07-20T07:40:34Z" finished-at="2018-07-20T07:41:56Z">
    <groups>
    </groups>
    <test name="Default test" duration-ms="82030" started-at="2018-07-20T07:40:34Z" finished-at="2018-07-20T07:41:56Z">
      <class name="com.hms.qa.tests.CreateNewHostelPageTest">
        <test-method status="PASS" signature="setUp()[pri:0, instance:com.hms.qa.tests.CreateNewHostelPageTest@5158b42f]" name="setUp" is-config="true" duration-ms="20524" started-at="2018-07-20T07:40:34Z" finished-at="2018-07-20T07:40:55Z">
          <reporter-output>
          </reporter-output>
        </test-method> <!-- setUp -->
        <test-method status="PASS" signature="verifyAdminPageTitleTest()[pri:1, instance:com.hms.qa.tests.CreateNewHostelPageTest@5158b42f]" name="verifyAdminPageTitleTest" duration-ms="69" started-at="2018-07-20T07:40:55Z" finished-at="2018-07-20T07:40:55Z">
          <reporter-output>
          </reporter-output>
        </test-method> <!-- verifyAdminPageTitleTest -->
        <test-method status="PASS" signature="tearDown()[pri:0, instance:com.hms.qa.tests.CreateNewHostelPageTest@5158b42f]" name="tearDown" is-config="true" duration-ms="1397" started-at="2018-07-20T07:40:55Z" finished-at="2018-07-20T07:40:56Z">
          <reporter-output>
          </reporter-output>
        </test-method> <!-- tearDown -->
        <test-method status="PASS" signature="setUp()[pri:0, instance:com.hms.qa.tests.CreateNewHostelPageTest@5158b42f]" name="setUp" is-config="true" duration-ms="20080" started-at="2018-07-20T07:40:56Z" finished-at="2018-07-20T07:41:17Z">
          <reporter-output>
          </reporter-output>
        </test-method> <!-- setUp -->
        <test-method status="PASS" signature="hostelDetailsTest()[pri:2, instance:com.hms.qa.tests.CreateNewHostelPageTest@5158b42f]" name="hostelDetailsTest" duration-ms="16111" started-at="2018-07-20T07:41:17Z" finished-at="2018-07-20T07:41:33Z">
          <reporter-output>
          </reporter-output>
        </test-method> <!-- hostelDetailsTest -->
        <test-method status="PASS" signature="tearDown()[pri:0, instance:com.hms.qa.tests.CreateNewHostelPageTest@5158b42f]" name="tearDown" is-config="true" duration-ms="1079" started-at="2018-07-20T07:41:33Z" finished-at="2018-07-20T07:41:34Z">
          <reporter-output>
          </reporter-output>
        </test-method> <!-- tearDown -->
        <test-method status="PASS" signature="setUp()[pri:0, instance:com.hms.qa.tests.CreateNewHostelPageTest@5158b42f]" name="setUp" is-config="true" duration-ms="19060" started-at="2018-07-20T07:41:34Z" finished-at="2018-07-20T07:41:53Z">
          <reporter-output>
          </reporter-output>
        </test-method> <!-- setUp -->
        <test-method status="PASS" signature="hostelRoomsTest()[pri:3, instance:com.hms.qa.tests.CreateNewHostelPageTest@5158b42f]" name="hostelRoomsTest" duration-ms="2293" started-at="2018-07-20T07:41:53Z" finished-at="2018-07-20T07:41:55Z">
          <reporter-output>
          </reporter-output>
        </test-method> <!-- hostelRoomsTest -->
        <test-method status="PASS" signature="tearDown()[pri:0, instance:com.hms.qa.tests.CreateNewHostelPageTest@5158b42f]" name="tearDown" is-config="true" duration-ms="1175" started-at="2018-07-20T07:41:55Z" finished-at="2018-07-20T07:41:56Z">
          <reporter-output>
          </reporter-output>
        </test-method> <!-- tearDown -->
      </class> <!-- com.hms.qa.tests.CreateNewHostelPageTest -->
    </test> <!-- Default test -->
  </suite> <!-- Default suite -->
</testng-results>
